<?xml version="1.0" encoding="UTF-8"?>
<!-- Generated by org.testng.reporters.JUnitReportReporter -->
<testsuite hostname="BSBLRL-12693" failures="0" tests="1" name="com.ebanking.testcases.TC_EditCustomer_004" time="12.308" errors="0" timestamp="02 Sep 2022 11:56:34 GMT" skipped="0">
  <testcase classname="com.ebanking.testcases.TC_EditCustomer_004" name="testEditCustomer" time="12.308"/>
</testsuite> <!-- com.ebanking.testcases.TC_EditCustomer_004 -->
