<?xml version="1.0" encoding="UTF-8"?>
<!-- Generated by org.testng.reporters.JUnitReportReporter -->
<testsuite hostname="BSBLRL-12693" failures="0" tests="1" name="demo_practice.demo_gogle" time="36.887" errors="0" timestamp="23 Aug 2022 12:23:25 GMT" skipped="0">
  <testcase classname="demo_practice.demo_gogle" name="testPagetitle" time="36.887"/>
</testsuite> <!-- demo_practice.demo_gogle -->
