<?xml version="1.0" encoding="UTF-8"?>
<!-- Generated by org.testng.reporters.JUnitReportReporter -->
<testsuite hostname="BSBLRL-12693" failures="0" tests="1" name="com.ebanking.testcases.TC_addnewcustomer_003" time="33.923" errors="0" timestamp="26 Aug 2022 06:14:52 GMT" skipped="0">
  <testcase classname="com.ebanking.testcases.TC_addnewcustomer_003" name="createNewCustomer" time="33.923"/>
</testsuite> <!-- com.ebanking.testcases.TC_addnewcustomer_003 -->
