<?xml version="1.0" encoding="UTF-8"?>
<!-- Generated by org.testng.reporters.JUnitReportReporter -->
<testsuite hostname="BSBLRL-12693" failures="0" tests="5" name="com.ebanking.testcases.TC_DDT_002" time="83.783" errors="0" timestamp="25 Aug 2022 08:52:52 GMT" skipped="0">
  <testcase classname="com.ebanking.testcases.TC_DDT_002" name="DDT_on_login" time="11.900"/>
  <testcase classname="com.ebanking.testcases.TC_DDT_002" name="DDT_on_login" time="23.053"/>
  <testcase classname="com.ebanking.testcases.TC_DDT_002" name="DDT_on_login" time="22.852"/>
  <testcase classname="com.ebanking.testcases.TC_DDT_002" name="DDT_on_login" time="11.920"/>
  <testcase classname="com.ebanking.testcases.TC_DDT_002" name="DDT_on_login" time="14.058"/>
</testsuite> <!-- com.ebanking.testcases.TC_DDT_002 -->
