<?xml version="1.0" encoding="UTF-8"?>
<!-- Generated by org.testng.reporters.JUnitReportReporter -->
<testsuite hostname="BSBLRL-12693" failures="0" tests="1" name="com.ebanking.testcases.verifyLogin" time="15.011" errors="0" timestamp="23 Aug 2022 12:59:40 GMT" skipped="0">
  <testcase classname="com.ebanking.testcases.verifyLogin" name="logintest" time="15.011"/>
</testsuite> <!-- com.ebanking.testcases.verifyLogin -->
