<?xml version="1.0" encoding="UTF-8"?>
<!-- Generated by org.testng.reporters.JUnitReportReporter -->
<testsuite hostname="BSBLRL-12693" failures="0" tests="1" name="com.ebanking.testcases.TC_logintestcase_001" time="7.436" errors="0" timestamp="30 Aug 2022 06:39:41 GMT" skipped="0">
  <testcase classname="com.ebanking.testcases.TC_logintestcase_001" name="logintest" time="7.436"/>
</testsuite> <!-- com.ebanking.testcases.TC_logintestcase_001 -->
