<?xml version="1.0" encoding="UTF-8"?>
<!-- Generated by org.testng.reporters.JUnitReportReporter -->
<testsuite hostname="BSBLRL-12693" failures="0" tests="1" name="com.ebanking.testcases.TC_addnewcustomer_003" time="41.573" errors="0" timestamp="02 Sep 2022 05:14:48 GMT" skipped="0">
  <testcase classname="com.ebanking.testcases.TC_addnewcustomer_003" name="createNewCustomer" time="41.573"/>
</testsuite> <!-- com.ebanking.testcases.TC_addnewcustomer_003 -->
